<?xml version="1.0" encoding="UTF-8"?>
<!-- Generated by org.testng.reporters.JUnitXMLReporter -->
<testsuite ignored="0" hostname="DELL-PC" failures="3" tests="17" name="Test" time="7.732" errors="0" timestamp="2021-09-23T12:53:55 IST">
  <testcase classname="Testng.Testng2" name="verifyTitleOfPage" time="0.024">
    <failure type="java.lang.AssertionError" message="tc failed">
      <![CDATA[java.lang.AssertionError: tc failed
at Testng.Testng2.verifyTitleOfPage(Testng2.java:45)
at java.base/java.util.ArrayList.forEach(ArrayList.java:1511)
... Removed 28 stack frames]]>
    </failure>
  </testcase> <!-- verifyTitleOfPage -->
  <testcase classname="Testng.Testng2" name="verifyurl" time="0.035"/>
  <testcase classname="Testng.Testng1" name="m1" time="0.003"/>
  <testcase classname="Testng.Testng1" name="m2" time="0.006"/>
  <testcase classname="Testng.Testng1" name="m3" time="0.003"/>
  <testcase classname="Testng.Testng3" name="Mangoe" time="0.003"/>
  <testcase classname="Testng.Testng3" name="Pinapple" time="0.003"/>
  <testcase classname="Testng.Testng3" name="Apple" time="0.003"/>
  <testcase classname="Testng.Testng3" name="chikoo" time="0.004">
    <failure type="java.lang.AssertionError" message="null">
      <![CDATA[java.lang.AssertionError: null
at Testng.Testng3.chikoo(Testng3.java:22)
at java.base/java.util.ArrayList.forEach(ArrayList.java:1511)
... Removed 29 stack frames]]>
    </failure>
  </testcase> <!-- chikoo -->
  <testcase classname="Testng.Testng3" name="kiwi" time="0.0">
    <skipped/>
  </testcase> <!-- kiwi -->
  <testcase classname="Testng.Testng3" name="promogrante" time="2.011">
    <failure type="org.testng.internal.thread.ThreadTimeoutException" message="Method Testng.Testng3.promogrante() didn&amp;apos;t finish within the time-out 2000">
      <![CDATA[org.testng.internal.thread.ThreadTimeoutException: Method Testng.Testng3.promogrante() didn't finish within the time-out 2000
at java.base/java.util.ArrayList.forEach(ArrayList.java:1511)
... Removed 24 stack frames]]>
    </failure>
  </testcase> <!-- promogrante -->
  <testcase classname="Testng.Testng3" name="Banana" time="0.002"/>
  <testcase classname="Testng.Testng3" name="Banana" time="0.001"/>
  <testcase classname="Testng.Testng3" name="Banana" time="0.001"/>
  <testcase classname="Testng.Testng4" name="Apple" time="0.001"/>
  <testcase classname="Testng.Testng4" name="Mangoe" time="1.023"/>
  <testcase classname="Testng.Testng4" name="Pinapple" time="0.002"/>
</testsuite> <!-- Test -->
