<?xml version="1.0" encoding="UTF-8"?>
<!-- Generated by org.testng.reporters.JUnitXMLReporter -->
<testsuite ignored="0" hostname="DELL-PC" failures="1" tests="5" name="Test" time="3.674" errors="0" timestamp="2021-09-22T11:29:33 IST">
  <testcase classname="Testng.Testng1" name="m1" time="0.008"/>
  <testcase classname="Testng.Testng1" name="m2" time="0.003"/>
  <testcase classname="Testng.Testng1" name="m3" time="0.005"/>
  <testcase classname="Testng.Testng2" name="verifyTitleOfPage" time="0.024">
    <failure type="java.lang.AssertionError" message="tc failed">
      <![CDATA[java.lang.AssertionError: tc failed
at Testng.Testng2.verifyTitleOfPage(Testng2.java:45)
at java.base/java.util.ArrayList.forEach(ArrayList.java:1511)
... Removed 28 stack frames]]>
    </failure>
  </testcase> <!-- verifyTitleOfPage -->
  <testcase classname="Testng.Testng2" name="verifyurl" time="0.018"/>
</testsuite> <!-- Test -->
