<?xml version="1.0" encoding="UTF-8"?>
<!-- Generated by org.testng.reporters.JUnitXMLReporter -->
<testsuite ignored="0" hostname="DELL-PC" failures="0" tests="10" name="Test" time="3.219" errors="0" timestamp="2021-09-21T17:55:11 IST">
  <testcase classname="Testng.Groups1" name="apple1" time="3.019"/>
  <testcase classname="Testng.Groups1" name="pineapple" time="0.003"/>
  <testcase classname="Testng.Groups1" name="mango" time="0.006"/>
  <testcase classname="Testng.Groups1" name="pomegranate" time="0.009"/>
  <testcase classname="Testng.Groups1" name="apple" time="0.004"/>
  <testcase classname="Testng.Groups1" name="custardapple" time="0.005"/>
  <testcase classname="Testng.Groups2" name="f1" time="0.003"/>
  <testcase classname="Testng.Groups1" name="kiwis" time="0.003"/>
  <testcase classname="Testng.Groups2" name="f" time="0.004"/>
  <testcase classname="Testng.Groups2" name="f2" time="0.003"/>
</testsuite> <!-- Test -->
